lucifer@luciferLinux:~/tianracer_ros2_ws$ python3 test_yaw_accuracy.py
[INFO] [1769579931.920527149] [yaw_tester]: Yaw测试器已启动，等待odom数据...
[INFO] [1769579931.920914164] [yaw_tester]: 显示格式: 当前yaw | 从初始位置的变化
[INFO] [1769579931.921246957] [yaw_tester]: 按Ctrl+C结束测试
[INFO] [1769579931.954342211] [yaw_tester]: 初始yaw: +152.3°
[INFO] [1769579932.913006772] [yaw_tester]: 当前yaw:  +152.3° | 变化:    +0.0°
[INFO] [1769579933.914612233] [yaw_tester]: 当前yaw:  +152.3° | 变化:    +0.0°
[INFO] [1769579934.913184614] [yaw_tester]: 当前yaw:  +152.3° | 变化:    -0.0°
[INFO] [1769579935.913535224] [yaw_tester]: 当前yaw:  +149.7° | 变化:    -2.6°
[INFO] [1769579936.913472070] [yaw_tester]: 当前yaw:  +119.0° | 变化:   -33.3°
[INFO] [1769579937.913297297] [yaw_tester]: 当前yaw:   +86.9° | 变化:   -65.3°
[INFO] [1769579938.913176716] [yaw_tester]: 当前yaw:   +49.4° | 变化:  -102.9°
[INFO] [1769579940.993695469] [yaw_tester]: 当前yaw:   -70.3° | 变化:  +137.4°
[INFO] [1769579941.994529936] [yaw_tester]: 当前yaw:   -92.7° | 变化:  +115.0°
[INFO] [1769579942.993804101] [yaw_tester]: 当前yaw:  -103.3° | 变化:  +104.5°
[INFO] [1769579943.995271944] [yaw_tester]: 当前yaw:  -104.2° | 变化:  +103.6°
[INFO] [1769579944.993463342] [yaw_tester]: 当前yaw:  -104.0° | 变化:  +103.7°
[INFO] [1769579945.993638324] [yaw_tester]: 当前yaw:  -104.0° | 变化:  +103.7°
[INFO] [1769579946.994958170] [yaw_tester]: 当前yaw:  -104.0° | 变化:  +103.7°
[INFO] [1769579947.994198522] [yaw_tester]: 当前yaw:  -104.0° | 变化:  +103.7°
[INFO] [1769579948.993956323] [yaw_tester]: 当前yaw:  -104.0° | 变化:  +103.7°
[INFO] [1769579949.993838988] [yaw_tester]: 当前yaw:  -104.0° | 变化:  +103.7°
[INFO] [1769579950.994445067] [yaw_tester]: 当前yaw:  -104.0° | 变化:  +103.7°
[INFO] [1769579951.993831784] [yaw_tester]: 当前yaw:  -104.0° | 变化:  +103.7°
[INFO] [1769579952.993436158] [yaw_tester]: 当前yaw:  -104.0° | 变化:  +103.7°
[INFO] [1769579953.993835290] [yaw_tester]: 当前yaw:  -104.0° | 变化:  +103.7°
[INFO] [1769579954.993232225] [yaw_tester]: 当前yaw:  -104.0° | 变化:  +103.7°
[INFO] [1769579955.993804552] [yaw_tester]: 当前yaw:   -88.9° | 变化:  +118.8°
[INFO] [1769579956.993147907] [yaw_tester]: 当前yaw:   -89.1° | 变化:  +118.6°
[INFO] [1769579957.994516064] [yaw_tester]: 当前yaw:  -104.2° | 变化:  +103.6°
[INFO] [1769579958.993620632] [yaw_tester]: 当前yaw:  -124.3° | 变化:   +83.4°
[INFO] [1769579959.993561777] [yaw_tester]: 当前yaw:  -124.5° | 变化:   +83.2°
[INFO] [1769579960.993879897] [yaw_tester]: 当前yaw:  -129.8° | 变化:   +78.0°
[INFO] [1769579961.993899509] [yaw_tester]: 当前yaw:  -108.8° | 变化:   +98.9°
[INFO] [1769579962.993778197] [yaw_tester]: 当前yaw:   -82.4° | 变化:  +125.4°
[INFO] [1769579963.993697320] [yaw_tester]: 当前yaw:   -81.9° | 变化:  +125.9°
[INFO] [1769579964.994229772] [yaw_tester]: 当前yaw:   -83.0° | 变化:  +124.7°
[INFO] [1769579965.995455092] [yaw_tester]: 当前yaw:  -114.4° | 变化:   +93.4°
[INFO] [1769579966.994143301] [yaw_tester]: 当前yaw:  -128.5° | 变化:   +79.2°
[INFO] [1769579967.994027238] [yaw_tester]: 当前yaw:  -128.9° | 变化:   +78.8°
[INFO] [1769579968.993597660] [yaw_tester]: 当前yaw:  -134.0° | 变化:   +73.7°
[INFO] [1769579969.993643791] [yaw_tester]: 当前yaw:  -152.7° | 变化:   +55.0°
[INFO] [1769579970.994262926] [yaw_tester]: 当前yaw:  -163.4° | 变化:   +44.3°
[INFO] [1769579971.994036567] [yaw_tester]: 当前yaw:  -176.1° | 变化:   +31.6°
[INFO] [1769579972.994870925] [yaw_tester]: 当前yaw:  -175.6° | 变化:   +32.2°
[INFO] [1769579973.994157274] [yaw_tester]: 当前yaw:  -168.5° | 变化:   +39.2°
[INFO] [1769579974.993708198] [yaw_tester]: 当前yaw:  -159.9° | 变化:   +47.8°
[INFO] [1769579975.993358910] [yaw_tester]: 当前yaw:  +169.1° | 变化:   +16.8°
[INFO] [1769579976.993429518] [yaw_tester]: 当前yaw:  +175.3° | 变化:   +23.1°
[INFO] [1769579977.994567233] [yaw_tester]: 当前yaw:  +175.2° | 变化:   +22.9°
[INFO] [1769579978.994168863] [yaw_tester]: 当前yaw:  +173.4° | 变化:   +21.2°
[INFO] [1769579979.994985638] [yaw_tester]: 当前yaw:  -114.8° | 变化:   +93.0°
[INFO] [1769579980.994354812] [yaw_tester]: 当前yaw:  -114.5° | 变化:   +93.3°
[INFO] [1769579981.993877754] [yaw_tester]: 当前yaw:  -114.5° | 变化:   +93.3°
[INFO] [1769579982.993852583] [yaw_tester]: 当前yaw:  -108.0° | 变化:   +99.8°
[INFO] [1769579983.993167135] [yaw_tester]: 当前yaw:  -107.4° | 变化:  +100.4°
[INFO] [1769579984.993404676] [yaw_tester]: 当前yaw:  -115.8° | 变化:   +92.0°
[INFO] [1769579985.995298397] [yaw_tester]: 当前yaw:  -145.5° | 变化:   +62.3°
[INFO] [1769579986.995232550] [yaw_tester]: 当前yaw:  -174.5° | 变化:   +33.2°
[INFO] [1769579987.994159416] [yaw_tester]: 当前yaw:  -177.7° | 变化:   +30.1°
[INFO] [1769579988.996327341] [yaw_tester]: 当前yaw:  -177.7° | 变化:   +30.1°
[INFO] [1769579989.993953652] [yaw_tester]: 当前yaw:  +165.0° | 变化:   +12.7°
[INFO] [1769579990.993522972] [yaw_tester]: 当前yaw:  +120.0° | 变化:   -32.2°
[INFO] [1769579991.994850764] [yaw_tester]: 当前yaw:  +117.5° | 变化:   -34.7°
[INFO] [1769579994.554809234] [yaw_tester]: 当前yaw:   +52.5° | 变化:   -99.8°
[INFO] [1769579995.553927220] [yaw_tester]: 当前yaw:   +15.8° | 变化:  -136.5°
[INFO] [1769579996.555479753] [yaw_tester]: 当前yaw:   +12.3° | 变化:  -140.0°
[INFO] [1769579997.554233375] [yaw_tester]: 当前yaw:   +12.3° | 变化:  -140.0°
[INFO] [1769579998.554437504] [yaw_tester]: 当前yaw:   +12.3° | 变化:  -140.0°
[INFO] [1769579999.553613026] [yaw_tester]: 当前yaw:   +12.3° | 变化:  -140.0°
[INFO] [1769580000.554255946] [yaw_tester]: 当前yaw:   +12.3° | 变化:  -140.0°
[INFO] [1769580001.554032043] [yaw_tester]: 当前yaw:   +12.3° | 变化:  -140.0°
[INFO] [1769580002.553464306] [yaw_tester]: 当前yaw:   +12.3° | 变化:  -140.0°
[INFO] [1769580003.553865083] [yaw_tester]: 当前yaw:   +12.3° | 变化:  -140.0°
[INFO] [1769580004.554240702] [yaw_tester]: 当前yaw:   +12.3° | 变化:  -140.0°
[INFO] [1769580005.553826493] [yaw_tester]: 当前yaw:   +12.3° | 变化:  -140.0°
[INFO] [1769580006.554283956] [yaw_tester]: 当前yaw:   +12.3° | 变化:  -140.0°
[INFO] [1769580007.553472903] [yaw_tester]: 当前yaw:   +12.3° | 变化:  -140.0°
[INFO] [1769580008.554181928] [yaw_tester]: 当前yaw:   +12.8° | 变化:  -139.5°
[INFO] [1769580009.554162387] [yaw_tester]: 当前yaw:   +10.5° | 变化:  -141.8°
[INFO] [1769580010.553845030] [yaw_tester]: 当前yaw:   -23.5° | 变化:  -175.8°
[INFO] [1769580011.554482971] [yaw_tester]: 当前yaw:  -112.2° | 变化:   +95.5°
[INFO] [1769580012.554159492] [yaw_tester]: 当前yaw:  +168.3° | 变化:   +16.1°
[INFO] [1769580013.554014376] [yaw_tester]: 当前yaw:  +117.4° | 变化:   -34.8°
[INFO] [1769580014.553898265] [yaw_tester]: 当前yaw:   +90.6° | 变化:   -61.7°
[INFO] [1769580015.553607708] [yaw_tester]: 当前yaw:   +90.6° | 变化:   -61.7°
[INFO] [1769580016.553709225] [yaw_tester]: 当前yaw:   +92.5° | 变化:   -59.8°
[INFO] [1769580017.556528470] [yaw_tester]: 当前yaw:   +14.0° | 变化:  -138.3°
[INFO] [1769580018.555030221] [yaw_tester]: 当前yaw:   -67.7° | 变化:  +140.0°
[INFO] [1769580019.554395459] [yaw_tester]: 当前yaw:   -77.8° | 变化:  +130.0°
[INFO] [1769580020.553958398] [yaw_tester]: 当前yaw:   -71.1° | 变化:  +136.7°
[INFO] [1769580021.554519145] [yaw_tester]: 当前yaw:   -71.1° | 变化:  +136.7°
[INFO] [1769580022.554097883] [yaw_tester]: 当前yaw:   -56.0° | 变化:  +151.7°
[INFO] [1769580023.553897444] [yaw_tester]: 当前yaw:   -54.7° | 变化:  +153.1°
[INFO] [1769580024.556453677] [yaw_tester]: 当前yaw:   -50.2° | 变化:  +157.6°
[INFO] [1769580025.556738617] [yaw_tester]: 当前yaw:   -32.1° | 变化:  +175.7°
[INFO] [1769580026.554429070] [yaw_tester]: 当前yaw:   +20.2° | 变化:  -132.1°
[INFO] [1769580027.554488228] [yaw_tester]: 当前yaw:   +42.3° | 变化:  -110.0°
[INFO] [1769580028.554423513] [yaw_tester]: 当前yaw:   +68.4° | 变化:   -83.8°
[INFO] [1769580029.554349933] [yaw_tester]: 当前yaw:   +69.9° | 变化:   -82.3°
[INFO] [1769580030.554288295] [yaw_tester]: 当前yaw:   +69.9° | 变化:   -82.3°
[INFO] [1769580031.555995949] [yaw_tester]: 当前yaw:   +69.9° | 变化:   -82.3°
[INFO] [1769580032.555795491] [yaw_tester]: 当前yaw:   +51.9° | 变化:  -100.4°
[INFO] [1769580033.558246336] [yaw_tester]: 当前yaw:   +83.5° | 变化:   -68.7°
[INFO] [1769580034.554726323] [yaw_tester]: 当前yaw:  +121.9° | 变化:   -30.4°
[INFO] [1769580035.554547866] [yaw_tester]: 当前yaw:  +161.0° | 变化:    +8.8°
[INFO] [1769580036.554663089] [yaw_tester]: 当前yaw:  +161.4° | 变化:    +9.1°
[INFO] [1769580037.555044019] [yaw_tester]: 当前yaw:  +160.7° | 变化:    +8.4°
[INFO] [1769580038.554841888] [yaw_tester]: 当前yaw:  +160.9° | 变化:    +8.6°
[INFO] [1769580039.555024267] [yaw_tester]: 当前yaw:  +169.8° | 变化:   +17.5°
[INFO] [1769580040.555151743] [yaw_tester]: 当前yaw:  +165.0° | 变化:   +12.8°
[INFO] [1769580041.554620986] [yaw_tester]: 当前yaw:  +113.2° | 变化:   -39.0°
[INFO] [1769580042.555366980] [yaw_tester]: 当前yaw:  +104.4° | 变化:   -47.9°
[INFO] [1769580043.554975775] [yaw_tester]: 当前yaw:  +104.3° | 变化:   -48.0°
[INFO] [1769580044.555183762] [yaw_tester]: 当前yaw:  +100.6° | 变化:   -51.7°
[INFO] [1769580047.281138320] [yaw_tester]: 当前yaw:   +81.9° | 变化:   -70.4°
[INFO] [1769580048.074757551] [yaw_tester]: 当前yaw:   +81.9° | 变化:   -70.4°
[INFO] [1769580049.074705992] [yaw_tester]: 当前yaw:   +81.9° | 变化:   -70.4°
[INFO] [1769580050.074646047] [yaw_tester]: 当前yaw:   +81.9° | 变化:   -70.4°
[INFO] [1769580051.074736334] [yaw_tester]: 当前yaw:   +81.9° | 变化:   -70.4°
[INFO] [1769580052.075170665] [yaw_tester]: 当前yaw:   +81.9° | 变化:   -70.4°
[INFO] [1769580053.074651450] [yaw_tester]: 当前yaw:   +81.9° | 变化:   -70.4°
